# JRE version: OpenJDK Runtime Environment Corretto-17.0.14.7.1 (17.0.14+7) (build 17.0.14+7-LTS)
# Java VM: OpenJDK 64-Bit Server VM Corretto-17.0.14.7.1 (17.0.14+7-LTS, mixed mode, sharing, tiered, compressed oops, compressed class ptrs, g1 gc, windows-amd64)
GC Precious Log:
 CPUs: 8 total, 8 available
 Memory: 7998M
 Large Page Support: Disabled
 NUMA Support: Disabled
 Compressed Oops: Enabled (32-bit)
 Heap Region Size: 1M
 Heap Min Capacity: 8M
 Heap Initial Capacity: 126M
 Heap Max Capacity: 2000M
 Pre-touch: Disabled
 Parallel Workers: 8
 Concurrent Workers: 2
 Concurrent Refinement Workers: 8
 Periodic GC: Disabled
Heap:
 garbage-first heap   total 178176K, used 112335K [0x0000000083000000, 0x0000000100000000)
  region size 1024K, 56 young (57344K), 7 survivors (7168K)
 Metaspace       used 62423K, committed 62720K, reserved 1114112K
  class space    used 7084K, committed 7232K, reserved 1048576K
GC Heap History (20 events):
Event: 1.759 GC heap before
{Heap before GC invocations=5 (full 0):
 garbage-first heap   total 55296K, used 18053K [0x0000000083000000, 0x0000000100000000)
  region size 1024K, 4 young (4096K), 3 survivors (3072K)
 Metaspace       used 26259K, committed 26432K, reserved 1114112K
  class space    used 3351K, committed 3456K, reserved 1048576K
}
Event: 1.764 GC heap after
{Heap after GC invocations=6 (full 0):
 garbage-first heap   total 55296K, used 17583K [0x0000000083000000, 0x0000000100000000)
  region size 1024K, 1 young (1024K), 1 survivors (1024K)
 Metaspace       used 26259K, committed 26432K, reserved 1114112K
  class space    used 3351K, committed 3456K, reserved 1048576K
}
Event: 2.150 GC heap before
{Heap before GC invocations=6 (full 0):
 garbage-first heap   total 55296K, used 39087K [0x0000000083000000, 0x0000000100000000)
  region size 1024K, 22 young (22528K), 1 survivors (1024K)
 Metaspace       used 31474K, committed 31616K, reserved 1114112K
  class space    used 3944K, committed 4032K, reserved 1048576K
}
Event: 2.156 GC heap after
{Heap after GC invocations=7 (full 0):
 garbage-first heap   total 110592K, used 18397K [0x0000000083000000, 0x0000000100000000)
  region size 1024K, 2 young (2048K), 2 survivors (2048K)
 Metaspace       used 31474K, committed 31616K, reserved 1114112K
  class space    used 3944K, committed 4032K, reserved 1048576K
}
Event: 2.756 GC heap before
{Heap before GC invocations=7 (full 0):
 garbage-first heap   total 110592K, used 74717K [0x0000000083000000, 0x0000000100000000)
  region size 1024K, 55 young (56320K), 2 survivors (2048K)
 Metaspace       used 35723K, committed 35968K, reserved 1114112K
  class space    used 4410K, committed 4544K, reserved 1048576K
}
Event: 2.767 GC heap after
{Heap after GC invocations=8 (full 0):
 garbage-first heap   total 110592K, used 26710K [0x0000000083000000, 0x0000000100000000)
  region size 1024K, 8 young (8192K), 8 survivors (8192K)
 Metaspace       used 35723K, committed 35968K, reserved 1114112K
  class space    used 4410K, committed 4544K, reserved 1048576K
}
Event: 3.635 GC heap before
{Heap before GC invocations=9 (full 0):
 garbage-first heap   total 96256K, used 73814K [0x0000000083000000, 0x0000000100000000)
  region size 1024K, 55 young (56320K), 8 survivors (8192K)
 Metaspace       used 39023K, committed 39232K, reserved 1114112K
  class space    used 4685K, committed 4800K, reserved 1048576K
}
Event: 3.658 GC heap after
{Heap after GC invocations=10 (full 0):
 garbage-first heap   total 96256K, used 34964K [0x0000000083000000, 0x0000000100000000)
  region size 1024K, 7 young (7168K), 7 survivors (7168K)
 Metaspace       used 39023K, committed 39232K, reserved 1114112K
  class space    used 4685K, committed 4800K, reserved 1048576K
}
Event: 3.672 GC heap before
{Heap before GC invocations=10 (full 0):
 garbage-first heap   total 96256K, used 35988K [0x0000000083000000, 0x0000000100000000)
  region size 1024K, 8 young (8192K), 7 survivors (7168K)
 Metaspace       used 39028K, committed 39232K, reserved 1114112K
  class space    used 4685K, committed 4800K, reserved 1048576K
}
Event: 3.682 GC heap after
{Heap after GC invocations=11 (full 0):
 garbage-first heap   total 96256K, used 35840K [0x0000000083000000, 0x0000000100000000)
  region size 1024K, 1 young (1024K), 1 survivors (1024K)
 Metaspace       used 39028K, committed 39232K, reserved 1114112K
  class space    used 4685K, committed 4800K, reserved 1048576K
}
Event: 3.884 GC heap before
{Heap before GC invocations=11 (full 0):
 garbage-first heap   total 96256K, used 71680K [0x0000000083000000, 0x0000000100000000)
  region size 1024K, 36 young (36864K), 1 survivors (1024K)
 Metaspace       used 39455K, committed 39744K, reserved 1114112K
  class space    used 4710K, committed 4864K, reserved 1048576K
}
Event: 3.893 GC heap after
{Heap after GC invocations=12 (full 0):
 garbage-first heap   total 194560K, used 38912K [0x0000000083000000, 0x0000000100000000)
  region size 1024K, 4 young (4096K), 4 survivors (4096K)
 Metaspace       used 39455K, committed 39744K, reserved 1114112K
  class space    used 4710K, committed 4864K, reserved 1048576K
}
Event: 4.908 GC heap before
{Heap before GC invocations=13 (full 0):
 garbage-first heap   total 178176K, used 132096K [0x0000000083000000, 0x0000000100000000)
  region size 1024K, 95 young (97280K), 4 survivors (4096K)
 Metaspace       used 46293K, committed 46592K, reserved 1114112K
  class space    used 5623K, committed 5760K, reserved 1048576K
}
Event: 4.919 GC heap after
{Heap after GC invocations=14 (full 0):
 garbage-first heap   total 178176K, used 44032K [0x0000000083000000, 0x0000000100000000)
  region size 1024K, 9 young (9216K), 9 survivors (9216K)
 Metaspace       used 46293K, committed 46592K, reserved 1114112K
  class space    used 5623K, committed 5760K, reserved 1048576K
}
Event: 4.949 GC heap before
{Heap before GC invocations=14 (full 0):
 garbage-first heap   total 178176K, used 45056K [0x0000000083000000, 0x0000000100000000)
  region size 1024K, 10 young (10240K), 9 survivors (9216K)
 Metaspace       used 46397K, committed 46656K, reserved 1114112K
  class space    used 5635K, committed 5760K, reserved 1048576K
}
Event: 4.960 GC heap after
{Heap after GC invocations=15 (full 0):
 garbage-first heap   total 178176K, used 44890K [0x0000000083000000, 0x0000000100000000)
  region size 1024K, 2 young (2048K), 2 survivors (2048K)
 Metaspace       used 46397K, committed 46656K, reserved 1114112K
  class space    used 5635K, committed 5760K, reserved 1048576K
}
Event: 7.040 GC heap before
{Heap before GC invocations=15 (full 0):
 garbage-first heap   total 178176K, used 138074K [0x0000000083000000, 0x0000000100000000)
  region size 1024K, 93 young (95232K), 2 survivors (2048K)
 Metaspace       used 55857K, committed 56192K, reserved 1114112K
  class space    used 6494K, committed 6656K, reserved 1048576K
}
Event: 7.056 GC heap after
{Heap after GC invocations=16 (full 0):
 garbage-first heap   total 178176K, used 56133K [0x0000000083000000, 0x0000000100000000)
  region size 1024K, 12 young (12288K), 12 survivors (12288K)
 Metaspace       used 55857K, committed 56192K, reserved 1114112K
  class space    used 6494K, committed 6656K, reserved 1048576K
}
Event: 8.117 GC heap before
{Heap before GC invocations=16 (full 0):
 garbage-first heap   total 178176K, used 134981K [0x0000000083000000, 0x0000000100000000)
  region size 1024K, 89 young (91136K), 12 survivors (12288K)
 Metaspace       used 62305K, committed 62592K, reserved 1114112K
  class space    used 7084K, committed 7232K, reserved 1048576K
}
Event: 8.132 GC heap after
{Heap after GC invocations=17 (full 0):
 garbage-first heap   total 178176K, used 63183K [0x0000000083000000, 0x0000000100000000)
  region size 1024K, 7 young (7168K), 7 survivors (7168K)
 Metaspace       used 62305K, committed 62592K, reserved 1114112K
  class space    used 7084K, committed 7232K, reserved 1048576K
}

