# JRE version: OpenJDK Runtime Environment Corretto-17.0.14.7.1 (17.0.14+7) (build 17.0.14+7-LTS)
# Java VM: OpenJDK 64-Bit Server VM Corretto-17.0.14.7.1 (17.0.14+7-LTS, mixed mode, sharing, tiered, compressed oops, compressed class ptrs, g1 gc, windows-amd64)
GC Precious Log:
 CPUs: 8 total, 8 available
 Memory: 7998M
 Large Page Support: Disabled
 NUMA Support: Disabled
 Compressed Oops: Enabled (32-bit)
 Heap Region Size: 1M
 Heap Min Capacity: 8M
 Heap Initial Capacity: 126M
 Heap Max Capacity: 2G
 Pre-touch: Disabled
 Parallel Workers: 8
 Concurrent Workers: 2
 Concurrent Refinement Workers: 8
 Periodic GC: Disabled
Heap:
 garbage-first heap   total 390144K, used 247306K [0x0000000080000000, 0x0000000100000000)
  region size 1024K, 46 young (47104K), 7 survivors (7168K)
 Metaspace       used 113604K, committed 114560K, reserved 1179648K
  class space    used 15173K, committed 15616K, reserved 1048576K
GC Heap History (20 events):
Event: 44.083 GC heap before
{Heap before GC invocations=45 (full 0):
 garbage-first heap   total 208896K, used 175533K [0x0000000080000000, 0x0000000100000000)
  region size 1024K, 11 young (11264K), 2 survivors (2048K)
 Metaspace       used 103664K, committed 104512K, reserved 1179648K
  class space    used 14185K, committed 14592K, reserved 1048576K
}
Event: 44.088 GC heap after
{Heap after GC invocations=46 (full 0):
 garbage-first heap   total 297984K, used 171502K [0x0000000080000000, 0x0000000100000000)
  region size 1024K, 2 young (2048K), 2 survivors (2048K)
 Metaspace       used 103664K, committed 104512K, reserved 1179648K
  class space    used 14185K, committed 14592K, reserved 1048576K
}
Event: 44.855 GC heap before
{Heap before GC invocations=46 (full 0):
 garbage-first heap   total 297984K, used 225774K [0x0000000080000000, 0x0000000100000000)
  region size 1024K, 47 young (48128K), 2 survivors (2048K)
 Metaspace       used 104065K, committed 104896K, reserved 1179648K
  class space    used 14209K, committed 14592K, reserved 1048576K
}
Event: 44.866 GC heap after
{Heap after GC invocations=47 (full 0):
 garbage-first heap   total 297984K, used 179617K [0x0000000080000000, 0x0000000100000000)
  region size 1024K, 6 young (6144K), 6 survivors (6144K)
 Metaspace       used 104065K, committed 104896K, reserved 1179648K
  class space    used 14209K, committed 14592K, reserved 1048576K
}
Event: 45.649 GC heap before
{Heap before GC invocations=47 (full 0):
 garbage-first heap   total 297984K, used 224673K [0x0000000080000000, 0x0000000100000000)
  region size 1024K, 50 young (51200K), 6 survivors (6144K)
 Metaspace       used 106621K, committed 107456K, reserved 1179648K
  class space    used 14494K, committed 14912K, reserved 1048576K
}
Event: 45.661 GC heap after
{Heap after GC invocations=48 (full 0):
 garbage-first heap   total 297984K, used 185565K [0x0000000080000000, 0x0000000100000000)
  region size 1024K, 6 young (6144K), 6 survivors (6144K)
 Metaspace       used 106621K, committed 107456K, reserved 1179648K
  class space    used 14494K, committed 14912K, reserved 1048576K
}
Event: 45.811 GC heap before
{Heap before GC invocations=48 (full 0):
 garbage-first heap   total 297984K, used 229597K [0x0000000080000000, 0x0000000100000000)
  region size 1024K, 50 young (51200K), 6 survivors (6144K)
 Metaspace       used 106846K, committed 107712K, reserved 1179648K
  class space    used 14507K, committed 14912K, reserved 1048576K
}
Event: 45.820 GC heap after
{Heap after GC invocations=49 (full 0):
 garbage-first heap   total 297984K, used 193559K [0x0000000080000000, 0x0000000100000000)
  region size 1024K, 7 young (7168K), 7 survivors (7168K)
 Metaspace       used 106846K, committed 107712K, reserved 1179648K
  class space    used 14507K, committed 14912K, reserved 1048576K
}
Event: 46.499 GC heap before
{Heap before GC invocations=49 (full 0):
 garbage-first heap   total 297984K, used 234519K [0x0000000080000000, 0x0000000100000000)
  region size 1024K, 48 young (49152K), 7 survivors (7168K)
 Metaspace       used 108893K, committed 109760K, reserved 1179648K
  class space    used 14702K, committed 15104K, reserved 1048576K
}
Event: 46.508 GC heap after
{Heap after GC invocations=50 (full 0):
 garbage-first heap   total 297984K, used 199467K [0x0000000080000000, 0x0000000100000000)
  region size 1024K, 6 young (6144K), 6 survivors (6144K)
 Metaspace       used 108893K, committed 109760K, reserved 1179648K
  class space    used 14702K, committed 15104K, reserved 1048576K
}
Event: 47.026 GC heap before
{Heap before GC invocations=50 (full 0):
 garbage-first heap   total 297984K, used 239403K [0x0000000080000000, 0x0000000100000000)
  region size 1024K, 46 young (47104K), 6 survivors (6144K)
 Metaspace       used 109840K, committed 110720K, reserved 1179648K
  class space    used 14789K, committed 15168K, reserved 1048576K
}
Event: 47.038 GC heap after
{Heap after GC invocations=51 (full 0):
 garbage-first heap   total 297984K, used 203280K [0x0000000080000000, 0x0000000100000000)
  region size 1024K, 5 young (5120K), 5 survivors (5120K)
 Metaspace       used 109840K, committed 110720K, reserved 1179648K
  class space    used 14789K, committed 15168K, reserved 1048576K
}
Event: 47.511 GC heap before
{Heap before GC invocations=51 (full 0):
 garbage-first heap   total 297984K, used 243216K [0x0000000080000000, 0x0000000100000000)
  region size 1024K, 44 young (45056K), 5 survivors (5120K)
 Metaspace       used 110284K, committed 111168K, reserved 1179648K
  class space    used 14837K, committed 15232K, reserved 1048576K
}
Event: 47.526 GC heap after
{Heap after GC invocations=52 (full 0):
 garbage-first heap   total 297984K, used 208471K [0x0000000080000000, 0x0000000100000000)
  region size 1024K, 6 young (6144K), 6 survivors (6144K)
 Metaspace       used 110284K, committed 111168K, reserved 1179648K
  class space    used 14837K, committed 15232K, reserved 1048576K
}
Event: 48.588 GC heap before
{Heap before GC invocations=52 (full 0):
 garbage-first heap   total 297984K, used 246359K [0x0000000080000000, 0x0000000100000000)
  region size 1024K, 43 young (44032K), 6 survivors (6144K)
 Metaspace       used 110483K, committed 111296K, reserved 1179648K
  class space    used 14850K, committed 15232K, reserved 1048576K
}
Event: 48.592 GC heap after
{Heap after GC invocations=53 (full 0):
 garbage-first heap   total 390144K, used 203345K [0x0000000080000000, 0x0000000100000000)
  region size 1024K, 1 young (1024K), 1 survivors (1024K)
 Metaspace       used 110483K, committed 111296K, reserved 1179648K
  class space    used 14850K, committed 15232K, reserved 1048576K
}
Event: 52.687 GC heap before
{Heap before GC invocations=53 (full 0):
 garbage-first heap   total 390144K, used 309841K [0x0000000080000000, 0x0000000100000000)
  region size 1024K, 105 young (107520K), 1 survivors (1024K)
 Metaspace       used 111197K, committed 112000K, reserved 1179648K
  class space    used 14915K, committed 15296K, reserved 1048576K
}
Event: 52.696 GC heap after
{Heap after GC invocations=54 (full 0):
 garbage-first heap   total 390144K, used 206777K [0x0000000080000000, 0x0000000100000000)
  region size 1024K, 5 young (5120K), 5 survivors (5120K)
 Metaspace       used 111197K, committed 112000K, reserved 1179648K
  class space    used 14915K, committed 15296K, reserved 1048576K
}
Event: 60.621 GC heap before
{Heap before GC invocations=54 (full 0):
 garbage-first heap   total 390144K, used 314297K [0x0000000080000000, 0x0000000100000000)
  region size 1024K, 111 young (113664K), 5 survivors (5120K)
 Metaspace       used 113213K, committed 114176K, reserved 1179648K
  class space    used 15132K, committed 15616K, reserved 1048576K
}
Event: 60.633 GC heap after
{Heap after GC invocations=55 (full 0):
 garbage-first heap   total 390144K, used 209418K [0x0000000080000000, 0x0000000100000000)
  region size 1024K, 7 young (7168K), 7 survivors (7168K)
 Metaspace       used 113213K, committed 114176K, reserved 1179648K
  class space    used 15132K, committed 15616K, reserved 1048576K
}

