# JRE version: OpenJDK Runtime Environment Corretto-17.0.14.7.1 (17.0.14+7) (build 17.0.14+7-LTS)
# Java VM: OpenJDK 64-Bit Server VM Corretto-17.0.14.7.1 (17.0.14+7-LTS, mixed mode, sharing, tiered, compressed oops, compressed class ptrs, g1 gc, windows-amd64)
GC Precious Log:
 CPUs: 8 total, 8 available
 Memory: 7998M
 Large Page Support: Disabled
 NUMA Support: Disabled
 Compressed Oops: Enabled (32-bit)
 Heap Region Size: 1M
 Heap Min Capacity: 8M
 Heap Initial Capacity: 126M
 Heap Max Capacity: 2000M
 Pre-touch: Disabled
 Parallel Workers: 8
 Concurrent Workers: 2
 Concurrent Refinement Workers: 8
 Periodic GC: Disabled
Heap:
 garbage-first heap   total 125952K, used 89977K [0x0000000083000000, 0x0000000100000000)
  region size 1024K, 49 young (50176K), 3 survivors (3072K)
 Metaspace       used 51592K, committed 51904K, reserved 1114112K
  class space    used 6022K, committed 6144K, reserved 1048576K
GC Heap History (20 events):
Event: 1.023 GC heap before
{Heap before GC invocations=1 (full 0):
 garbage-first heap   total 129024K, used 43008K [0x0000000083000000, 0x0000000100000000)
  region size 1024K, 36 young (36864K), 3 survivors (3072K)
 Metaspace       used 15237K, committed 15488K, reserved 1114112K
  class space    used 2013K, committed 2112K, reserved 1048576K
}
Event: 1.028 GC heap after
{Heap after GC invocations=2 (full 0):
 garbage-first heap   total 129024K, used 12887K [0x0000000083000000, 0x0000000100000000)
  region size 1024K, 4 young (4096K), 4 survivors (4096K)
 Metaspace       used 15237K, committed 15488K, reserved 1114112K
  class space    used 2013K, committed 2112K, reserved 1048576K
}
Event: 1.462 GC heap before
{Heap before GC invocations=2 (full 0):
 garbage-first heap   total 129024K, used 41559K [0x0000000083000000, 0x0000000100000000)
  region size 1024K, 33 young (33792K), 4 survivors (4096K)
 Metaspace       used 21325K, committed 21504K, reserved 1114112K
  class space    used 2896K, committed 3008K, reserved 1048576K
}
Event: 1.468 GC heap after
{Heap after GC invocations=3 (full 0):
 garbage-first heap   total 129024K, used 14364K [0x0000000083000000, 0x0000000100000000)
  region size 1024K, 8 young (8192K), 8 survivors (8192K)
 Metaspace       used 21325K, committed 21504K, reserved 1114112K
  class space    used 2896K, committed 3008K, reserved 1048576K
}
Event: 1.802 GC heap before
{Heap before GC invocations=4 (full 0):
 garbage-first heap   total 55296K, used 38940K [0x0000000083000000, 0x0000000100000000)
  region size 1024K, 32 young (32768K), 8 survivors (8192K)
 Metaspace       used 25921K, committed 26112K, reserved 1114112K
  class space    used 3312K, committed 3392K, reserved 1048576K
}
Event: 1.813 GC heap after
{Heap after GC invocations=5 (full 0):
 garbage-first heap   total 55296K, used 17017K [0x0000000083000000, 0x0000000100000000)
  region size 1024K, 3 young (3072K), 3 survivors (3072K)
 Metaspace       used 25921K, committed 26112K, reserved 1114112K
  class space    used 3312K, committed 3392K, reserved 1048576K
}
Event: 1.821 GC heap before
{Heap before GC invocations=5 (full 0):
 garbage-first heap   total 55296K, used 18041K [0x0000000083000000, 0x0000000100000000)
  region size 1024K, 4 young (4096K), 3 survivors (3072K)
 Metaspace       used 25931K, committed 26112K, reserved 1114112K
  class space    used 3312K, committed 3392K, reserved 1048576K
}
Event: 1.826 GC heap after
{Heap after GC invocations=6 (full 0):
 garbage-first heap   total 55296K, used 18118K [0x0000000083000000, 0x0000000100000000)
  region size 1024K, 1 young (1024K), 1 survivors (1024K)
 Metaspace       used 25931K, committed 26112K, reserved 1114112K
  class space    used 3312K, committed 3392K, reserved 1048576K
}
Event: 2.228 GC heap before
{Heap before GC invocations=6 (full 0):
 garbage-first heap   total 55296K, used 39622K [0x0000000083000000, 0x0000000100000000)
  region size 1024K, 22 young (22528K), 1 survivors (1024K)
 Metaspace       used 31500K, committed 31744K, reserved 1114112K
  class space    used 3947K, committed 4032K, reserved 1048576K
}
Event: 2.235 GC heap after
{Heap after GC invocations=7 (full 0):
 garbage-first heap   total 110592K, used 19690K [0x0000000083000000, 0x0000000100000000)
  region size 1024K, 3 young (3072K), 3 survivors (3072K)
 Metaspace       used 31500K, committed 31744K, reserved 1114112K
  class space    used 3947K, committed 4032K, reserved 1048576K
}
Event: 2.862 GC heap before
{Heap before GC invocations=7 (full 0):
 garbage-first heap   total 110592K, used 76010K [0x0000000083000000, 0x0000000100000000)
  region size 1024K, 56 young (57344K), 3 survivors (3072K)
 Metaspace       used 35713K, committed 35968K, reserved 1114112K
  class space    used 4410K, committed 4544K, reserved 1048576K
}
Event: 2.873 GC heap after
{Heap after GC invocations=8 (full 0):
 garbage-first heap   total 110592K, used 28025K [0x0000000083000000, 0x0000000100000000)
  region size 1024K, 8 young (8192K), 8 survivors (8192K)
 Metaspace       used 35713K, committed 35968K, reserved 1114112K
  class space    used 4410K, committed 4544K, reserved 1048576K
}
Event: 3.744 GC heap before
{Heap before GC invocations=9 (full 0):
 garbage-first heap   total 99328K, used 75129K [0x0000000083000000, 0x0000000100000000)
  region size 1024K, 54 young (55296K), 8 survivors (8192K)
 Metaspace       used 39049K, committed 39296K, reserved 1114112K
  class space    used 4685K, committed 4800K, reserved 1048576K
}
Event: 3.764 GC heap after
{Heap after GC invocations=10 (full 0):
 garbage-first heap   total 99328K, used 36262K [0x0000000083000000, 0x0000000100000000)
  region size 1024K, 7 young (7168K), 7 survivors (7168K)
 Metaspace       used 39049K, committed 39296K, reserved 1114112K
  class space    used 4685K, committed 4800K, reserved 1048576K
}
Event: 3.979 GC heap before
{Heap before GC invocations=10 (full 0):
 garbage-first heap   total 99328K, used 72102K [0x0000000083000000, 0x0000000100000000)
  region size 1024K, 42 young (43008K), 7 survivors (7168K)
 Metaspace       used 39509K, committed 39808K, reserved 1114112K
  class space    used 4710K, committed 4864K, reserved 1048576K
}
Event: 3.995 GC heap after
{Heap after GC invocations=11 (full 0):
 garbage-first heap   total 99328K, used 40825K [0x0000000083000000, 0x0000000100000000)
  region size 1024K, 5 young (5120K), 5 survivors (5120K)
 Metaspace       used 39509K, committed 39808K, reserved 1114112K
  class space    used 4710K, committed 4864K, reserved 1048576K
}
Event: 4.041 GC heap before
{Heap before GC invocations=11 (full 0):
 garbage-first heap   total 99328K, used 74617K [0x0000000083000000, 0x0000000100000000)
  region size 1024K, 38 young (38912K), 5 survivors (5120K)
 Metaspace       used 39510K, committed 39808K, reserved 1114112K
  class space    used 4710K, committed 4864K, reserved 1048576K
}
Event: 4.047 GC heap after
{Heap after GC invocations=12 (full 0):
 garbage-first heap   total 125952K, used 41804K [0x0000000083000000, 0x0000000100000000)
  region size 1024K, 1 young (1024K), 1 survivors (1024K)
 Metaspace       used 39510K, committed 39808K, reserved 1114112K
  class space    used 4710K, committed 4864K, reserved 1048576K
}
Event: 4.763 GC heap before
{Heap before GC invocations=12 (full 0):
 garbage-first heap   total 125952K, used 94028K [0x0000000083000000, 0x0000000100000000)
  region size 1024K, 52 young (53248K), 1 survivors (1024K)
 Metaspace       used 45804K, committed 46080K, reserved 1114112K
  class space    used 5574K, committed 5696K, reserved 1048576K
}
Event: 4.770 GC heap after
{Heap after GC invocations=13 (full 0):
 garbage-first heap   total 125952K, used 43897K [0x0000000083000000, 0x0000000100000000)
  region size 1024K, 3 young (3072K), 3 survivors (3072K)
 Metaspace       used 45804K, committed 46080K, reserved 1114112K
  class space    used 5574K, committed 5696K, reserved 1048576K
}

