# JRE version: OpenJDK Runtime Environment Corretto-17.0.14.7.1 (17.0.14+7) (build 17.0.14+7-LTS)
# Java VM: OpenJDK 64-Bit Server VM Corretto-17.0.14.7.1 (17.0.14+7-LTS, mixed mode, sharing, tiered, compressed oops, compressed class ptrs, g1 gc, windows-amd64)
GC Precious Log:
 CPUs: 8 total, 8 available
 Memory: 7998M
 Large Page Support: Disabled
 NUMA Support: Disabled
 Compressed Oops: Enabled (32-bit)
 Heap Region Size: 1M
 Heap Min Capacity: 8M
 Heap Initial Capacity: 126M
 Heap Max Capacity: 2G
 Pre-touch: Disabled
 Parallel Workers: 8
 Concurrent Workers: 2
 Concurrent Refinement Workers: 8
 Periodic GC: Disabled
Heap:
 garbage-first heap   total 270336K, used 178743K [0x0000000080000000, 0x0000000100000000)
  region size 1024K, 7 young (7168K), 7 survivors (7168K)
 Metaspace       used 104890K, committed 105728K, reserved 1179648K
  class space    used 14193K, committed 14592K, reserved 1048576K
GC Heap History (20 events):
Event: 33.346 GC heap after
{Heap after GC invocations=36 (full 0):
 garbage-first heap   total 209920K, used 117785K [0x0000000080000000, 0x0000000100000000)
  region size 1024K, 7 young (7168K), 7 survivors (7168K)
 Metaspace       used 94892K, committed 95744K, reserved 1179648K
  class space    used 13093K, committed 13504K, reserved 1048576K
}
Event: 33.362 GC heap before
{Heap before GC invocations=36 (full 0):
 garbage-first heap   total 209920K, used 120857K [0x0000000080000000, 0x0000000100000000)
  region size 1024K, 10 young (10240K), 7 survivors (7168K)
 Metaspace       used 94893K, committed 95744K, reserved 1179648K
  class space    used 13093K, committed 13504K, reserved 1048576K
}
Event: 33.367 GC heap after
{Heap after GC invocations=37 (full 0):
 garbage-first heap   total 209920K, used 117007K [0x0000000080000000, 0x0000000100000000)
  region size 1024K, 2 young (2048K), 2 survivors (2048K)
 Metaspace       used 94893K, committed 95744K, reserved 1179648K
  class space    used 13093K, committed 13504K, reserved 1048576K
}
Event: 34.110 GC heap before
{Heap before GC invocations=37 (full 0):
 garbage-first heap   total 209920K, used 171279K [0x0000000080000000, 0x0000000100000000)
  region size 1024K, 56 young (57344K), 2 survivors (2048K)
 Metaspace       used 95397K, committed 96192K, reserved 1179648K
  class space    used 13189K, committed 13568K, reserved 1048576K
}
Event: 34.115 GC heap after
{Heap after GC invocations=38 (full 0):
 garbage-first heap   total 209920K, used 119870K [0x0000000080000000, 0x0000000100000000)
  region size 1024K, 5 young (5120K), 5 survivors (5120K)
 Metaspace       used 95397K, committed 96192K, reserved 1179648K
  class space    used 13189K, committed 13568K, reserved 1048576K
}
Event: 34.811 GC heap before
{Heap before GC invocations=38 (full 0):
 garbage-first heap   total 209920K, used 174142K [0x0000000080000000, 0x0000000100000000)
  region size 1024K, 56 young (57344K), 5 survivors (5120K)
 Metaspace       used 97123K, committed 97920K, reserved 1179648K
  class space    used 13369K, committed 13760K, reserved 1048576K
}
Event: 34.829 GC heap after
{Heap after GC invocations=39 (full 0):
 garbage-first heap   total 210944K, used 150336K [0x0000000080000000, 0x0000000100000000)
  region size 1024K, 7 young (7168K), 7 survivors (7168K)
 Metaspace       used 97123K, committed 97920K, reserved 1179648K
  class space    used 13369K, committed 13760K, reserved 1048576K
}
Event: 35.108 GC heap before
{Heap before GC invocations=39 (full 0):
 garbage-first heap   total 210944K, used 169792K [0x0000000080000000, 0x0000000100000000)
  region size 1024K, 27 young (27648K), 7 survivors (7168K)
 Metaspace       used 97597K, committed 98432K, reserved 1179648K
  class space    used 13420K, committed 13824K, reserved 1048576K
}
Event: 35.115 GC heap after
{Heap after GC invocations=40 (full 0):
 garbage-first heap   total 210944K, used 153749K [0x0000000080000000, 0x0000000100000000)
  region size 1024K, 3 young (3072K), 3 survivors (3072K)
 Metaspace       used 97597K, committed 98432K, reserved 1179648K
  class space    used 13420K, committed 13824K, reserved 1048576K
}
Event: 35.376 GC heap before
{Heap before GC invocations=41 (full 0):
 garbage-first heap   total 270336K, used 181397K [0x0000000080000000, 0x0000000100000000)
  region size 1024K, 22 young (22528K), 3 survivors (3072K)
 Metaspace       used 97836K, committed 98688K, reserved 1179648K
  class space    used 13438K, committed 13824K, reserved 1048576K
}
Event: 35.383 GC heap after
{Heap after GC invocations=42 (full 0):
 garbage-first heap   total 270336K, used 160768K [0x0000000080000000, 0x0000000100000000)
  region size 1024K, 3 young (3072K), 3 survivors (3072K)
 Metaspace       used 97836K, committed 98688K, reserved 1179648K
  class space    used 13438K, committed 13824K, reserved 1048576K
}
Event: 35.428 GC heap before
{Heap before GC invocations=42 (full 0):
 garbage-first heap   total 270336K, used 171008K [0x0000000080000000, 0x0000000100000000)
  region size 1024K, 13 young (13312K), 3 survivors (3072K)
 Metaspace       used 97837K, committed 98688K, reserved 1179648K
  class space    used 13438K, committed 13824K, reserved 1048576K
}
Event: 35.434 GC heap after
{Heap after GC invocations=43 (full 0):
 garbage-first heap   total 270336K, used 159832K [0x0000000080000000, 0x0000000100000000)
  region size 1024K, 2 young (2048K), 2 survivors (2048K)
 Metaspace       used 97837K, committed 98688K, reserved 1179648K
  class space    used 13438K, committed 13824K, reserved 1048576K
}
Event: 35.979 GC heap before
{Heap before GC invocations=43 (full 0):
 garbage-first heap   total 270336K, used 207960K [0x0000000080000000, 0x0000000100000000)
  region size 1024K, 49 young (50176K), 2 survivors (2048K)
 Metaspace       used 100041K, committed 100928K, reserved 1179648K
  class space    used 13704K, committed 14144K, reserved 1048576K
}
Event: 35.984 GC heap after
{Heap after GC invocations=44 (full 0):
 garbage-first heap   total 270336K, used 163500K [0x0000000080000000, 0x0000000100000000)
  region size 1024K, 6 young (6144K), 6 survivors (6144K)
 Metaspace       used 100041K, committed 100928K, reserved 1179648K
  class space    used 13704K, committed 14144K, reserved 1048576K
}
Event: 36.456 GC heap before
{Heap before GC invocations=44 (full 0):
 garbage-first heap   total 270336K, used 240300K [0x0000000080000000, 0x0000000100000000)
  region size 1024K, 54 young (55296K), 6 survivors (6144K)
 Metaspace       used 102217K, committed 102976K, reserved 1179648K
  class space    used 13915K, committed 14272K, reserved 1048576K
}
Event: 36.463 GC heap after
{Heap after GC invocations=45 (full 0):
 garbage-first heap   total 270336K, used 167808K [0x0000000080000000, 0x0000000100000000)
  region size 1024K, 5 young (5120K), 5 survivors (5120K)
 Metaspace       used 102217K, committed 102976K, reserved 1179648K
  class space    used 13915K, committed 14272K, reserved 1048576K
}
Event: 36.805 GC heap before
{Heap before GC invocations=45 (full 0):
 garbage-first heap   total 270336K, used 214912K [0x0000000080000000, 0x0000000100000000)
  region size 1024K, 52 young (53248K), 5 survivors (5120K)
 Metaspace       used 103106K, committed 103936K, reserved 1179648K
  class space    used 14013K, committed 14400K, reserved 1048576K
}
Event: 36.814 GC heap after
{Heap after GC invocations=46 (full 0):
 garbage-first heap   total 270336K, used 173734K [0x0000000080000000, 0x0000000100000000)
  region size 1024K, 7 young (7168K), 7 survivors (7168K)
 Metaspace       used 103106K, committed 103936K, reserved 1179648K
  class space    used 14013K, committed 14400K, reserved 1048576K
}
Event: 37.092 GC heap before
{Heap before GC invocations=46 (full 0):
 garbage-first heap   total 270336K, used 218790K [0x0000000080000000, 0x0000000100000000)
  region size 1024K, 52 young (53248K), 7 survivors (7168K)
 Metaspace       used 104890K, committed 105728K, reserved 1179648K
  class space    used 14193K, committed 14592K, reserved 1048576K
}

