# JRE version: OpenJDK Runtime Environment Corretto-17.0.14.7.1 (17.0.14+7) (build 17.0.14+7-LTS)
# Java VM: OpenJDK 64-Bit Server VM Corretto-17.0.14.7.1 (17.0.14+7-LTS, mixed mode, sharing, tiered, compressed oops, compressed class ptrs, g1 gc, windows-amd64)
GC Precious Log:
 CPUs: 8 total, 8 available
 Memory: 7998M
 Large Page Support: Disabled
 NUMA Support: Disabled
 Compressed Oops: Enabled (32-bit)
 Heap Region Size: 1M
 Heap Min Capacity: 8M
 Heap Initial Capacity: 126M
 Heap Max Capacity: 2G
 Pre-touch: Disabled
 Parallel Workers: 8
 Concurrent Workers: 2
 Concurrent Refinement Workers: 8
 Periodic GC: Disabled
Heap:
 garbage-first heap   total 505856K, used 375735K [0x0000000080000000, 0x0000000100000000)
  region size 1024K, 84 young (86016K), 9 survivors (9216K)
 Metaspace       used 146158K, committed 147904K, reserved 1179648K
  class space    used 19269K, committed 20096K, reserved 1048576K
GC Heap History (20 events):
Event: 750.365 GC heap before
{Heap before GC invocations=54 (full 0):
 garbage-first heap   total 505856K, used 425984K [0x0000000080000000, 0x0000000100000000)
  region size 1024K, 167 young (171008K), 5 survivors (5120K)
 Metaspace       used 144187K, committed 145472K, reserved 1179648K
  class space    used 19055K, committed 19712K, reserved 1048576K
}
Event: 750.393 GC heap after
{Heap after GC invocations=55 (full 0):
 garbage-first heap   total 505856K, used 237185K [0x0000000080000000, 0x0000000100000000)
  region size 1024K, 13 young (13312K), 13 survivors (13312K)
 Metaspace       used 144187K, committed 145472K, reserved 1179648K
  class space    used 19055K, committed 19712K, reserved 1048576K
}
Event: 770.696 GC heap before
{Heap before GC invocations=55 (full 0):
 garbage-first heap   total 505856K, used 446081K [0x0000000080000000, 0x0000000100000000)
  region size 1024K, 172 young (176128K), 13 survivors (13312K)
 Metaspace       used 144372K, committed 145728K, reserved 1179648K
  class space    used 19058K, committed 19712K, reserved 1048576K
}
Event: 770.717 GC heap after
{Heap after GC invocations=56 (full 0):
 garbage-first heap   total 505856K, used 233237K [0x0000000080000000, 0x0000000100000000)
  region size 1024K, 7 young (7168K), 7 survivors (7168K)
 Metaspace       used 144372K, committed 145728K, reserved 1179648K
  class space    used 19058K, committed 19712K, reserved 1048576K
}
Event: 772.781 GC heap before
{Heap before GC invocations=56 (full 0):
 garbage-first heap   total 505856K, used 438037K [0x0000000080000000, 0x0000000100000000)
  region size 1024K, 177 young (181248K), 7 survivors (7168K)
 Metaspace       used 144542K, committed 145856K, reserved 1179648K
  class space    used 19059K, committed 19712K, reserved 1048576K
}
Event: 772.795 GC heap after
{Heap after GC invocations=57 (full 0):
 garbage-first heap   total 505856K, used 242513K [0x0000000080000000, 0x0000000100000000)
  region size 1024K, 16 young (16384K), 16 survivors (16384K)
 Metaspace       used 144542K, committed 145856K, reserved 1179648K
  class space    used 19059K, committed 19712K, reserved 1048576K
}
Event: 877.363 GC heap before
{Heap before GC invocations=57 (full 0):
 garbage-first heap   total 505856K, used 456529K [0x0000000080000000, 0x0000000100000000)
  region size 1024K, 180 young (184320K), 16 survivors (16384K)
 Metaspace       used 144930K, committed 146304K, reserved 1179648K
  class space    used 19101K, committed 19776K, reserved 1048576K
}
Event: 877.372 GC heap after
{Heap after GC invocations=58 (full 0):
 garbage-first heap   total 505856K, used 239040K [0x0000000080000000, 0x0000000100000000)
  region size 1024K, 10 young (10240K), 10 survivors (10240K)
 Metaspace       used 144930K, committed 146304K, reserved 1179648K
  class space    used 19101K, committed 19776K, reserved 1048576K
}
Event: 880.302 GC heap before
{Heap before GC invocations=58 (full 0):
 garbage-first heap   total 505856K, used 444864K [0x0000000080000000, 0x0000000100000000)
  region size 1024K, 181 young (185344K), 10 survivors (10240K)
 Metaspace       used 145417K, committed 147008K, reserved 1179648K
  class space    used 19201K, committed 19968K, reserved 1048576K
}
Event: 880.317 GC heap after
{Heap after GC invocations=59 (full 0):
 garbage-first heap   total 505856K, used 249269K [0x0000000080000000, 0x0000000100000000)
  region size 1024K, 20 young (20480K), 20 survivors (20480K)
 Metaspace       used 145417K, committed 147008K, reserved 1179648K
  class space    used 19201K, committed 19968K, reserved 1048576K
}
Event: 895.983 GC heap before
{Heap before GC invocations=59 (full 0):
 garbage-first heap   total 505856K, used 461237K [0x0000000080000000, 0x0000000100000000)
  region size 1024K, 182 young (186368K), 20 survivors (20480K)
 Metaspace       used 145841K, committed 147584K, reserved 1179648K
  class space    used 19266K, committed 20096K, reserved 1048576K
}
Event: 896.029 GC heap after
{Heap after GC invocations=60 (full 0):
 garbage-first heap   total 505856K, used 253260K [0x0000000080000000, 0x0000000100000000)
  region size 1024K, 17 young (17408K), 17 survivors (17408K)
 Metaspace       used 145841K, committed 147584K, reserved 1179648K
  class space    used 19266K, committed 20096K, reserved 1048576K
}
Event: 899.886 GC heap before
{Heap before GC invocations=60 (full 0):
 garbage-first heap   total 505856K, used 446796K [0x0000000080000000, 0x0000000100000000)
  region size 1024K, 176 young (180224K), 17 survivors (17408K)
 Metaspace       used 145898K, committed 147648K, reserved 1179648K
  class space    used 19267K, committed 20096K, reserved 1048576K
}
Event: 899.910 GC heap after
{Heap after GC invocations=61 (full 0):
 garbage-first heap   total 505856K, used 264325K [0x0000000080000000, 0x0000000100000000)
  region size 1024K, 22 young (22528K), 22 survivors (22528K)
 Metaspace       used 145898K, committed 147648K, reserved 1179648K
  class space    used 19267K, committed 20096K, reserved 1048576K
}
Event: 936.762 GC heap before
{Heap before GC invocations=61 (full 0):
 garbage-first heap   total 505856K, used 454789K [0x0000000080000000, 0x0000000100000000)
  region size 1024K, 164 young (167936K), 22 survivors (22528K)
 Metaspace       used 146056K, committed 147840K, reserved 1179648K
  class space    used 19269K, committed 20096K, reserved 1048576K
}
Event: 936.796 GC heap after
{Heap after GC invocations=62 (full 0):
 garbage-first heap   total 505856K, used 266734K [0x0000000080000000, 0x0000000100000000)
  region size 1024K, 15 young (15360K), 15 survivors (15360K)
 Metaspace       used 146056K, committed 147840K, reserved 1179648K
  class space    used 19269K, committed 20096K, reserved 1048576K
}
Event: 939.681 GC heap before
{Heap before GC invocations=62 (full 0):
 garbage-first heap   total 505856K, used 450030K [0x0000000080000000, 0x0000000100000000)
  region size 1024K, 164 young (167936K), 15 survivors (15360K)
 Metaspace       used 146094K, committed 147840K, reserved 1179648K
  class space    used 19269K, committed 20096K, reserved 1048576K
}
Event: 939.699 GC heap after
{Heap after GC invocations=63 (full 0):
 garbage-first heap   total 505856K, used 275875K [0x0000000080000000, 0x0000000100000000)
  region size 1024K, 21 young (21504K), 21 survivors (21504K)
 Metaspace       used 146094K, committed 147840K, reserved 1179648K
  class space    used 19269K, committed 20096K, reserved 1048576K
}
Event: 939.971 GC heap before
{Heap before GC invocations=63 (full 0):
 garbage-first heap   total 505856K, used 361891K [0x0000000080000000, 0x0000000100000000)
  region size 1024K, 63 young (64512K), 21 survivors (21504K)
 Metaspace       used 146108K, committed 147840K, reserved 1179648K
  class space    used 19269K, committed 20096K, reserved 1048576K
}
Event: 939.988 GC heap after
{Heap after GC invocations=64 (full 0):
 garbage-first heap   total 505856K, used 298935K [0x0000000080000000, 0x0000000100000000)
  region size 1024K, 9 young (9216K), 9 survivors (9216K)
 Metaspace       used 146108K, committed 147840K, reserved 1179648K
  class space    used 19269K, committed 20096K, reserved 1048576K
}

